0 info it worked if it ends with ok
1 verbose cli [ 'C:\\Program Files (x86)\\nodejs\\node.exe',
1 verbose cli   'C:\\Program Files (x86)\\nodejs\\node_modules\\npm\\bin\\npm-cli.js',
1 verbose cli   'start' ]
2 info using npm@3.10.10
3 info using node@v6.11.0
4 verbose run-script [ 'prestart', 'start', 'poststart' ]
5 info lifecycle hello@1.0.0~prestart: hello@1.0.0
6 silly lifecycle hello@1.0.0~prestart: no script for prestart, continuing
7 info lifecycle hello@1.0.0~start: hello@1.0.0
8 verbose lifecycle hello@1.0.0~start: unsafe-perm in lifecycle true
9 verbose lifecycle hello@1.0.0~start: PATH: C:\Program Files (x86)\nodejs\node_modules\npm\bin\node-gyp-bin;C:\Java Training\vehicle-customization\src\main\webapp\node_modules\.bin;C:\ProgramData\Oracle\Java\javapath;.;C:\Program Files\Java\jdk1.8.0_131\bin;C:\Program Files\Git\bin;C:\Windows\System32;C:\Program Files\MySQL\MySQL Utilities 1.6\;C:\Program Files (x86)\nodejs;.; C:\Program Files\Java\jdk1.8.0_131\bin; C:\Program Files\Git\bin
10 verbose lifecycle hello@1.0.0~start: CWD: C:\Java Training\vehicle-customization\src\main\webapp
11 silly lifecycle hello@1.0.0~start: Args: [ '/d /s /c', 'tsc && concurrently "tsc -w" "lite-server" ' ]
12 silly lifecycle hello@1.0.0~start: Returned: code: 2  signal: null
13 info lifecycle hello@1.0.0~start: Failed to exec start script
14 verbose stack Error: hello@1.0.0 start: `tsc && concurrently "tsc -w" "lite-server" `
14 verbose stack Exit status 2
14 verbose stack     at EventEmitter.<anonymous> (C:\Program Files (x86)\nodejs\node_modules\npm\lib\utils\lifecycle.js:255:16)
14 verbose stack     at emitTwo (events.js:106:13)
14 verbose stack     at EventEmitter.emit (events.js:191:7)
14 verbose stack     at ChildProcess.<anonymous> (C:\Program Files (x86)\nodejs\node_modules\npm\lib\utils\spawn.js:40:14)
14 verbose stack     at emitTwo (events.js:106:13)
14 verbose stack     at ChildProcess.emit (events.js:191:7)
14 verbose stack     at maybeClose (internal/child_process.js:891:16)
14 verbose stack     at Process.ChildProcess._handle.onexit (internal/child_process.js:226:5)
15 verbose pkgid hello@1.0.0
16 verbose cwd C:\Java Training\vehicle-customization\src\main\webapp\app\src
17 error Windows_NT 10.0.14393
18 error argv "C:\\Program Files (x86)\\nodejs\\node.exe" "C:\\Program Files (x86)\\nodejs\\node_modules\\npm\\bin\\npm-cli.js" "start"
19 error node v6.11.0
20 error npm  v3.10.10
21 error code ELIFECYCLE
22 error hello@1.0.0 start: `tsc && concurrently "tsc -w" "lite-server" `
22 error Exit status 2
23 error Failed at the hello@1.0.0 start script 'tsc && concurrently "tsc -w" "lite-server" '.
23 error Make sure you have the latest version of node.js and npm installed.
23 error If you do, this is most likely a problem with the hello package,
23 error not with npm itself.
23 error Tell the author that this fails on your system:
23 error     tsc && concurrently "tsc -w" "lite-server"
23 error You can get information on how to open an issue for this project with:
23 error     npm bugs hello
23 error Or if that isn't available, you can get their info via:
23 error     npm owner ls hello
23 error There is likely additional logging output above.
24 verbose exit [ 1, true ]
